#
# There is insufficient memory for the Java Runtime Environment to continue.
# Native memory allocation (malloc) failed to allocate 1062016 bytes for Chunk::new
# Possible reasons:
#   The system is out of physical RAM or swap space
#   In 32 bit mode, the process size limit was hit
# Possible solutions:
#   Reduce memory load on the system
#   Increase physical memory or swap space
#   Check if swap backing store is full
#   Use 64 bit Java on a 64 bit OS
#   Decrease Java heap size (-Xmx/-Xms)
#   Decrease number of Java threads
#   Decrease Java thread stack sizes (-Xss)
#   Set larger code cache with -XX:ReservedCodeCacheSize=
# This output file may be truncated or incomplete.
#
#  Out of Memory Error (allocation.cpp:390), pid=16588, tid=6712
#
# JRE version: Java(TM) SE Runtime Environment (8.0_60-b27) (build 1.8.0_60-b27)
# Java VM: Java HotSpot(TM) 64-Bit Server VM (25.60-b23 mixed mode windows-amd64 compressed oops)
# Failed to write core dump. Minidumps are not enabled by default on client versions of Windows
#

---------------  T H R E A D  ---------------

Current thread (0x000000001da60800):  JavaThread "C2 CompilerThread1" daemon [_thread_in_native, id=6712, stack(0x000000001f400000,0x000000001f500000)]

Stack: [0x000000001f400000,0x000000001f500000]
[error occurred during error reporting (printing stack bounds), id 0xc0000005]

Native frames: (J=compiled Java code, j=interpreted, Vv=VM code, C=native code)


Current CompileTask:
C2:  77736 10244 % !   4       net.minecraft.world.SpawnerAnimals::findChunksForSpawning @ 521 (931 bytes)


---------------  P R O C E S S  ---------------

Java Threads: ( => current thread )
  0x000000001dd30000 JavaThread "File IO Thread" [_thread_blocked, id=16376, stack(0x0000000029a30000,0x0000000029b30000)]
  0x000000001dafe800 JavaThread "pool-2-thread-1" [_thread_blocked, id=14848, stack(0x0000000035af0000,0x0000000035bf0000)]
  0x000000001dafd800 JavaThread "Chunk I/O Executor Thread-1" daemon [_thread_blocked, id=17380, stack(0x0000000035900000,0x0000000035a00000)]
  0x000000001dafd000 JavaThread "Netty IO #1" daemon [_thread_in_native, id=12092, stack(0x0000000035660000,0x0000000035760000)]
  0x000000001dafc000 JavaThread "Netty Client IO #0" daemon [_thread_in_native, id=13772, stack(0x000000002ed90000,0x000000002ee90000)]
  0x000000001dafb800 JavaThread "Netty IO #0" daemon [_thread_in_native, id=16436, stack(0x0000000034a20000,0x0000000034b20000)]
  0x000000001daf5800 JavaThread "Server thread" [_thread_blocked, id=15816, stack(0x0000000021f70000,0x0000000022070000)]
  0x000000001daf1800 JavaThread "Snooper Timer" daemon [_thread_blocked, id=13892, stack(0x000000002df90000,0x000000002e090000)]
  0x000000001dafa800 JavaThread "Thread-13" [_thread_blocked, id=12916, stack(0x000000002e910000,0x000000002ea10000)]
  0x000000001daf9000 JavaThread "Thread-12" [_thread_blocked, id=396, stack(0x00000000357b0000,0x00000000358b0000)]
  0x000000001daf6000 JavaThread "LWJGL Timer" daemon [_thread_blocked, id=16976, stack(0x000000002fda0000,0x000000002fea0000)]
  0x000000001daf3000 JavaThread "Timer hack thread" daemon [_thread_blocked, id=13736, stack(0x0000000029c10000,0x0000000029d10000)]
  0x000000001daf4800 JavaThread "Snooper Timer" daemon [_thread_blocked, id=5260, stack(0x00000000294b0000,0x00000000295b0000)]
  0x000000001daf4000 JavaThread "AWT-Windows" daemon [_thread_in_native, id=2424, stack(0x0000000023cb0000,0x0000000023db0000)]
  0x000000001daf2800 JavaThread "Java2D Disposer" daemon [_thread_blocked, id=13004, stack(0x0000000021690000,0x0000000021790000)]
  0x000000001daf1000 JavaThread "Service Thread" daemon [_thread_blocked, id=15864, stack(0x000000001f9e0000,0x000000001fae0000)]
  0x000000001da71800 JavaThread "C1 CompilerThread3" daemon [_thread_blocked, id=14940, stack(0x000000001f7a0000,0x000000001f8a0000)]
  0x000000001da68800 JavaThread "C2 CompilerThread2" daemon [_thread_blocked, id=15796, stack(0x000000001f630000,0x000000001f730000)]
=>0x000000001da60800 JavaThread "C2 CompilerThread1" daemon [_thread_in_native, id=6712, stack(0x000000001f400000,0x000000001f500000)]
  0x000000001da57800 JavaThread "C2 CompilerThread0" daemon [_thread_blocked, id=10160, stack(0x000000001ed70000,0x000000001ee70000)]
  0x000000001da53800 JavaThread "Attach Listener" daemon [_thread_blocked, id=14924, stack(0x000000001f1b0000,0x000000001f2b0000)]
  0x000000001da52000 JavaThread "Signal Dispatcher" daemon [_thread_blocked, id=16940, stack(0x000000001f020000,0x000000001f120000)]
  0x000000001c99f000 JavaThread "Finalizer" daemon [_thread_blocked, id=2416, stack(0x000000001eed0000,0x000000001efd0000)]
  0x000000001c998000 JavaThread "Reference Handler" daemon [_thread_blocked, id=12140, stack(0x000000001ec20000,0x000000001ed20000)]
  0x00000000023aa800 JavaThread "Client thread" [_thread_in_native, id=10392, stack(0x00000000024e0000,0x00000000025e0000)]

Other Threads:
  0x000000001da03000 VMThread [stack: 0x000000001ea30000,0x000000001eb30000] [id=13744]
  0x000000001db1d000 WatcherThread [stack: 0x000000001f2c0000,0x000000001f3c0000] [id=17324]

VM state:not at safepoint (normal execution)

VM Mutex/Monitor currently owned by a thread: None

Heap:
 PSYoungGen      total 860160K, used 495055K [0x000000076af80000, 0x00000007a5500000, 0x00000007c0000000)
  eden space 807424K, 61% used [0x000000076af80000,0x00000007892f3f98,0x000000079c400000)
  from space 52736K, 0% used [0x00000007a0580000,0x00000007a0580000,0x00000007a3900000)
  to   space 67072K, 0% used [0x000000079c400000,0x000000079c400000,0x00000007a0580000)
 ParOldGen       total 305664K, used 159763K [0x00000006c0e00000, 0x00000006d3880000, 0x000000076af80000)
  object space 305664K, 52% used [0x00000006c0e00000,0x00000006caa04d50,0x00000006d3880000)
 Metaspace       used 43770K, capacity 44197K, committed 44544K, reserved 1089536K
  class space    used 5120K, capacity 5257K, committed 5376K, reserved 1048576K

Card table byte_map: [0x0000000011c70000,0x0000000012470000] byte_map_base: 0x000000000e669000

Marking Bits: (ParMarkBitMap*) 0x0000000058fca5b0
 Begin Bits: [0x0000000013820000, 0x00000000177e8000)
 End Bits:   [0x00000000177e8000, 0x000000001b7b0000)

Polling page: 0x0000000000360000

CodeCache: size=245760Kb used=32465Kb max_used=32516Kb free=213294Kb
 bounds [0x00000000028b0000, 0x00000000048c0000, 0x00000000118b0000]
 total_blobs=8196 nmethods=7307 adapters=797
 compilation: enabled

Compilation events (10 events):
Event: 77.604 Thread 0x000000001da60800 10241       4       net.minecraft.entity.ai.attributes.ModifiableAttributeInstance::<init> (85 bytes)
Event: 77.605 Thread 0x000000001da71800 nmethod 10240 0x0000000003ce0650 code [0x0000000003ce0920, 0x0000000003ce1ff8]
Event: 77.608 Thread 0x000000001da60800 nmethod 10241 0x0000000003a89ed0 code [0x0000000003a8a060, 0x0000000003a8a508]
Event: 77.654 Thread 0x000000001da57800 10242       4       net.minecraft.block.Block::isSideSolid (192 bytes)
Event: 77.660 Thread 0x000000001da68800 10243       4       net.minecraft.network.play.server.S19PacketEntityHeadLook::processPacket (9 bytes)
Event: 77.663 Thread 0x000000001da68800 nmethod 10243 0x0000000003a12750 code [0x0000000003a128e0, 0x0000000003a12b18]
Event: 77.664 Thread 0x000000001da57800 nmethod 10242 0x0000000003a8a810 code [0x0000000003a8aa00, 0x0000000003a8b368]
Event: 77.704 Thread 0x000000001da60800 10244 % !   4       net.minecraft.world.SpawnerAnimals::findChunksForSpawning @ 521 (931 bytes)
Event: 77.707 Thread 0x000000001da71800 10245       3       net.minecraft.block.BlockDoor::collisionRayTrace (23 bytes)
Event: 77.707 Thread 0x000000001da71800 nmethod 10245 0x000000000341c650 code [0x000000000341c7e0, 0x000000000341cac8]

GC Heap History (10 events):
Event: 22.749 GC heap before
{Heap before GC invocations=16 (full 3):
 PSYoungGen      total 871936K, used 8617K [0x000000076af80000, 0x00000007a3800000, 0x00000007c0000000)
  eden space 820736K, 1% used [0x000000076af80000,0x000000076b7ea738,0x000000079d100000)
  from space 51200K, 0% used [0x00000007a0400000,0x00000007a0400000,0x00000007a3600000)
  to   space 52224K, 0% used [0x000000079d100000,0x000000079d100000,0x00000007a0400000)
 ParOldGen       total 160256K, used 91649K [0x00000006c0e00000, 0x00000006caa80000, 0x000000076af80000)
  object space 160256K, 57% used [0x00000006c0e00000,0x00000006c6780720,0x00000006caa80000)
 Metaspace       used 35852K, capacity 36189K, committed 36608K, reserved 1081344K
  class space    used 4410K, capacity 4503K, committed 4608K, reserved 1048576K
Event: 22.750 GC heap after
Heap after GC invocations=16 (full 3):
 PSYoungGen      total 872960K, used 64K [0x000000076af80000, 0x00000007a3900000, 0x00000007c0000000)
  eden space 820736K, 0% used [0x000000076af80000,0x000000076af80000,0x000000079d100000)
  from space 52224K, 0% used [0x000000079d100000,0x000000079d110000,0x00000007a0400000)
  to   space 52736K, 0% used [0x00000007a0580000,0x00000007a0580000,0x00000007a3900000)
 ParOldGen       total 160256K, used 91649K [0x00000006c0e00000, 0x00000006caa80000, 0x000000076af80000)
  object space 160256K, 57% used [0x00000006c0e00000,0x00000006c6780720,0x00000006caa80000)
 Metaspace       used 35852K, capacity 36189K, committed 36608K, reserved 1081344K
  class space    used 4410K, capacity 4503K, committed 4608K, reserved 1048576K
}
Event: 22.750 GC heap before
{Heap before GC invocations=17 (full 4):
 PSYoungGen      total 872960K, used 64K [0x000000076af80000, 0x00000007a3900000, 0x00000007c0000000)
  eden space 820736K, 0% used [0x000000076af80000,0x000000076af80000,0x000000079d100000)
  from space 52224K, 0% used [0x000000079d100000,0x000000079d110000,0x00000007a0400000)
  to   space 52736K, 0% used [0x00000007a0580000,0x00000007a0580000,0x00000007a3900000)
 ParOldGen       total 160256K, used 91649K [0x00000006c0e00000, 0x00000006caa80000, 0x000000076af80000)
  object space 160256K, 57% used [0x00000006c0e00000,0x00000006c6780720,0x00000006caa80000)
 Metaspace       used 35852K, capacity 36189K, committed 36608K, reserved 1081344K
  class space    used 4410K, capacity 4503K, committed 4608K, reserved 1048576K
Event: 22.800 GC heap after
Heap after GC invocations=17 (full 4):
 PSYoungGen      total 872960K, used 0K [0x000000076af80000, 0x00000007a3900000, 0x00000007c0000000)
  eden space 820736K, 0% used [0x000000076af80000,0x000000076af80000,0x000000079d100000)
  from space 52224K, 0% used [0x000000079d100000,0x000000079d100000,0x00000007a0400000)
  to   space 52736K, 0% used [0x00000007a0580000,0x00000007a0580000,0x00000007a3900000)
 ParOldGen       total 160256K, used 91649K [0x00000006c0e00000, 0x00000006caa80000, 0x000000076af80000)
  object space 160256K, 57% used [0x00000006c0e00000,0x00000006c6780760,0x00000006caa80000)
 Metaspace       used 35852K, capacity 36189K, committed 36608K, reserved 1081344K
  class space    used 4410K, capacity 4503K, committed 4608K, reserved 1048576K
}
Event: 24.742 GC heap before
{Heap before GC invocations=18 (full 4):
 PSYoungGen      total 872960K, used 637534K [0x000000076af80000, 0x00000007a3900000, 0x00000007c0000000)
  eden space 820736K, 77% used [0x000000076af80000,0x0000000791e17ba8,0x000000079d100000)
  from space 52224K, 0% used [0x000000079d100000,0x000000079d100000,0x00000007a0400000)
  to   space 52736K, 0% used [0x00000007a0580000,0x00000007a0580000,0x00000007a3900000)
 ParOldGen       total 160256K, used 91649K [0x00000006c0e00000, 0x00000006caa80000, 0x000000076af80000)
  object space 160256K, 57% used [0x00000006c0e00000,0x00000006c6780760,0x00000006caa80000)
 Metaspace       used 40972K, capacity 41345K, committed 41856K, reserved 1085440K
  class space    used 4998K, capacity 5123K, committed 5248K, reserved 1048576K
Event: 24.769 GC heap after
Heap after GC invocations=18 (full 4):
 PSYoungGen      total 860160K, used 52732K [0x000000076af80000, 0x00000007a5500000, 0x00000007c0000000)
  eden space 807424K, 0% used [0x000000076af80000,0x000000076af80000,0x000000079c400000)
  from space 52736K, 99% used [0x00000007a0580000,0x00000007a38ff060,0x00000007a3900000)
  to   space 67072K, 0% used [0x000000079c400000,0x000000079c400000,0x00000007a0580000)
 ParOldGen       total 160256K, used 105549K [0x00000006c0e00000, 0x00000006caa80000, 0x000000076af80000)
  object space 160256K, 65% used [0x00000006c0e00000,0x00000006c7513458,0x00000006caa80000)
 Metaspace       used 40972K, capacity 41345K, committed 41856K, reserved 1085440K
  class space    used 4998K, capacity 5123K, committed 5248K, reserved 1048576K
}
Event: 24.769 GC heap before
{Heap before GC invocations=19 (full 5):
 PSYoungGen      total 860160K, used 52732K [0x000000076af80000, 0x00000007a5500000, 0x00000007c0000000)
  eden space 807424K, 0% used [0x000000076af80000,0x000000076af80000,0x000000079c400000)
  from space 52736K, 99% used [0x00000007a0580000,0x00000007a38ff060,0x00000007a3900000)
  to   space 67072K, 0% used [0x000000079c400000,0x000000079c400000,0x00000007a0580000)
 ParOldGen       total 160256K, used 105549K [0x00000006c0e00000, 0x00000006caa80000, 0x000000076af80000)
  object space 160256K, 65% used [0x00000006c0e00000,0x00000006c7513458,0x00000006caa80000)
 Metaspace       used 40972K, capacity 41345K, committed 41856K, reserved 1085440K
  class space    used 4998K, capacity 5123K, committed 5248K, reserved 1048576K
Event: 25.313 GC heap after
Heap after GC invocations=19 (full 5):
 PSYoungGen      total 860160K, used 0K [0x000000076af80000, 0x00000007a5500000, 0x00000007c0000000)
  eden space 807424K, 0% used [0x000000076af80000,0x000000076af80000,0x000000079c400000)
  from space 52736K, 0% used [0x00000007a0580000,0x00000007a0580000,0x00000007a3900000)
  to   space 67072K, 0% used [0x000000079c400000,0x000000079c400000,0x00000007a0580000)
 ParOldGen       total 160256K, used 153024K [0x00000006c0e00000, 0x00000006caa80000, 0x000000076af80000)
  object space 160256K, 95% used [0x00000006c0e00000,0x00000006ca370240,0x00000006caa80000)
 Metaspace       used 40972K, capacity 41345K, committed 41856K, reserved 1085440K
  class space    used 4998K, capacity 5123K, committed 5248K, reserved 1048576K
}
Event: 48.550 GC heap before
{Heap before GC invocations=20 (full 6):
 PSYoungGen      total 860160K, used 807424K [0x000000076af80000, 0x00000007a5500000, 0x00000007c0000000)
  eden space 807424K, 100% used [0x000000076af80000,0x000000079c400000,0x000000079c400000)
  from space 52736K, 0% used [0x00000007a0580000,0x00000007a0580000,0x00000007a3900000)
  to   space 67072K, 0% used [0x000000079c400000,0x000000079c400000,0x00000007a0580000)
 ParOldGen       total 160256K, used 153024K [0x00000006c0e00000, 0x00000006caa80000, 0x000000076af80000)
  object space 160256K, 95% used [0x00000006c0e00000,0x00000006ca370240,0x00000006caa80000)
 Metaspace       used 43359K, capacity 43737K, committed 44288K, reserved 1087488K
  class space    used 5100K, capacity 5255K, committed 5376K, reserved 1048576K
Event: 48.879 GC heap after
Heap after GC invocations=20 (full 6):
 PSYoungGen      total 860160K, used 36534K [0x000000076af80000, 0x00000007a5500000, 0x00000007c0000000)
  eden space 807424K, 4% used [0x000000076af80000,0x000000076d32d920,0x000000079c400000)
  from space 52736K, 0% used [0x00000007a0580000,0x00000007a0580000,0x00000007a3900000)
  to   space 67072K, 0% used [0x000000079c400000,0x000000079c400000,0x00000007a0580000)
 ParOldGen       total 305664K, used 159763K [0x00000006c0e00000, 0x00000006d3880000, 0x000000076af80000)
  object space 305664K, 52% used [0x00000006c0e00000,0x00000006caa04d50,0x00000006d3880000)
 Metaspace       used 43359K, capacity 43737K, committed 44288K, reserved 1087488K
  class space    used 5100K, capacity 5255K, committed 5376K, reserved 1048576K
}

Deoptimization events (10 events):
Event: 68.608 Thread 0x00000000023aa800 Uncommon trap: reason=bimorphic action=maybe_recompile pc=0x0000000003debdc0 method=net.minecraft.block.Block.isNormalCube()Z @ 18
Event: 71.163 Thread 0x00000000023aa800 Uncommon trap: reason=unstable_if action=reinterpret pc=0x0000000003da69c8 method=net.minecraft.client.gui.inventory.GuiContainer.func_146977_a(Lnet/minecraft/inventory/Slot;)V @ 118
Event: 72.502 Thread 0x000000001daf5800 Uncommon trap: reason=class_check action=maybe_recompile pc=0x0000000003d41e10 method=net.minecraft.world.SpawnerAnimals.findChunksForSpawning(Lnet/minecraft/world/WorldServer;ZZZ)I @ 768
Event: 72.551 Thread 0x000000001daf5800 Uncommon trap: reason=class_check action=maybe_recompile pc=0x0000000003d41e10 method=net.minecraft.world.SpawnerAnimals.findChunksForSpawning(Lnet/minecraft/world/WorldServer;ZZZ)I @ 768
Event: 72.553 Thread 0x000000001daf5800 Uncommon trap: reason=unstable_if action=reinterpret pc=0x0000000003c0318c method=net.minecraft.block.Block.isSideSolid(Lnet/minecraft/world/IBlockAccess;IIILnet/minecraftforge/common/util/ForgeDirection;)Z @ 83
Event: 73.310 Thread 0x000000001daf5800 Uncommon trap: reason=class_check action=maybe_recompile pc=0x0000000003ca7410 method=net.minecraft.entity.EntityLiving.despawnEntity()V @ 145
Event: 77.340 Thread 0x00000000023aa800 Uncommon trap: reason=unstable_if action=reinterpret pc=0x00000000039a5d04 method=net.minecraft.client.Minecraft.checkGLError(Ljava/lang/String;)V @ 5
Event: 77.659 Thread 0x000000001daf5800 Uncommon trap: reason=class_check action=maybe_recompile pc=0x0000000003ca7410 method=net.minecraft.entity.EntityLiving.despawnEntity()V @ 145
Event: 77.659 Thread 0x000000001daf5800 Uncommon trap: reason=unstable_if action=reinterpret pc=0x0000000003cb31ac method=java.util.HashMap.removeNode(ILjava/lang/Object;Ljava/lang/Object;ZZ)Ljava/util/HashMap$Node; @ 133
Event: 77.659 Thread 0x000000001daf5800 Uncommon trap: reason=class_check action=maybe_recompile pc=0x0000000003ca7410 method=net.minecraft.entity.EntityLiving.despawnEntity()V @ 145

Internal exceptions (10 events):
Event: 77.580 Thread 0x000000001daf9000 Exception <a 'java/lang/InterruptedException': sleep interrupted> (0x000000076f178d40) thrown at [C:\re\workspace\8-2-build-windows-amd64-cygwin\jdk8u60\4407\hotspot\src\share\vm\prims\jvm.cpp, line 3215]
Event: 77.598 Thread 0x000000001daf9000 Exception <a 'java/lang/InterruptedException': sleep interrupted> (0x000000076f178f98) thrown at [C:\re\workspace\8-2-build-windows-amd64-cygwin\jdk8u60\4407\hotspot\src\share\vm\prims\jvm.cpp, line 3215]
Event: 77.612 Thread 0x000000001daf9000 Exception <a 'java/lang/InterruptedException': sleep interrupted> (0x000000076f1791f0) thrown at [C:\re\workspace\8-2-build-windows-amd64-cygwin\jdk8u60\4407\hotspot\src\share\vm\prims\jvm.cpp, line 3215]
Event: 77.628 Thread 0x000000001daf9000 Exception <a 'java/lang/InterruptedException': sleep interrupted> (0x000000076f179448) thrown at [C:\re\workspace\8-2-build-windows-amd64-cygwin\jdk8u60\4407\hotspot\src\share\vm\prims\jvm.cpp, line 3215]
Event: 77.644 Thread 0x000000001daf9000 Exception <a 'java/lang/InterruptedException': sleep interrupted> (0x000000076f1796a0) thrown at [C:\re\workspace\8-2-build-windows-amd64-cygwin\jdk8u60\4407\hotspot\src\share\vm\prims\jvm.cpp, line 3215]
Event: 77.662 Thread 0x000000001daf9000 Exception <a 'java/lang/InterruptedException': sleep interrupted> (0x000000076f1798f8) thrown at [C:\re\workspace\8-2-build-windows-amd64-cygwin\jdk8u60\4407\hotspot\src\share\vm\prims\jvm.cpp, line 3215]
Event: 77.676 Thread 0x000000001daf9000 Exception <a 'java/lang/InterruptedException': sleep interrupted> (0x000000076f179b50) thrown at [C:\re\workspace\8-2-build-windows-amd64-cygwin\jdk8u60\4407\hotspot\src\share\vm\prims\jvm.cpp, line 3215]
Event: 77.692 Thread 0x000000001daf9000 Exception <a 'java/lang/InterruptedException': sleep interrupted> (0x000000076f179da8) thrown at [C:\re\workspace\8-2-build-windows-amd64-cygwin\jdk8u60\4407\hotspot\src\share\vm\prims\jvm.cpp, line 3215]
Event: 77.710 Thread 0x000000001daf9000 Exception <a 'java/lang/InterruptedException': sleep interrupted> (0x000000076f17a000) thrown at [C:\re\workspace\8-2-build-windows-amd64-cygwin\jdk8u60\4407\hotspot\src\share\vm\prims\jvm.cpp, line 3215]
Event: 77.724 Thread 0x000000001daf9000 Exception <a 'java/lang/InterruptedException': sleep interrupted> (0x000000076f17a258) thrown at [C:\re\workspace\8-2-build-windows-amd64-cygwin\jdk8u60\4407\hotspot\src\share\vm\prims\jvm.cpp, line 3215]

Events (10 events):
Event: 77.340 Thread 0x00000000023aa800 DEOPT UNPACKING pc=0x00000000028f582a sp=0x00000000025de6a8 mode 2
Event: 77.659 Thread 0x000000001daf5800 Uncommon trap: trap_request=0xffffffde fr.pc=0x0000000003ca7410
Event: 77.659 Thread 0x000000001daf5800 DEOPT PACKING pc=0x0000000003ca7410 sp=0x000000002206e740
Event: 77.659 Thread 0x000000001daf5800 DEOPT UNPACKING pc=0x00000000028f582a sp=0x000000002206e6f0 mode 2
Event: 77.659 Thread 0x000000001daf5800 Uncommon trap: trap_request=0xffffff65 fr.pc=0x0000000003cb31ac
Event: 77.659 Thread 0x000000001daf5800 DEOPT PACKING pc=0x0000000003cb31ac sp=0x000000002206e710
Event: 77.659 Thread 0x000000001daf5800 DEOPT UNPACKING pc=0x00000000028f582a sp=0x000000002206e680 mode 2
Event: 77.659 Thread 0x000000001daf5800 Uncommon trap: trap_request=0xffffffde fr.pc=0x0000000003ca7410
Event: 77.659 Thread 0x000000001daf5800 DEOPT PACKING pc=0x0000000003ca7410 sp=0x000000002206e740
Event: 77.659 Thread 0x000000001daf5800 DEOPT UNPACKING pc=0x00000000028f582a sp=0x000000002206e6f0 mode 2


Dynamic libraries:
0x000000013fc80000 - 0x000000013fcb7000 	C:\Program Files\Java\jre1.8.0_60\bin\javaw.exe
0x0000000076eb0000 - 0x0000000077059000 	C:\Windows\SYSTEM32\ntdll.dll
0x0000000076c90000 - 0x0000000076daf000 	C:\Windows\system32\kernel32.dll
0x000007fefce20000 - 0x000007fefce8c000 	C:\Windows\system32\KERNELBASE.dll
0x000007feff040000 - 0x000007feff11b000 	C:\Windows\system32\ADVAPI32.dll
0x000007fefedd0000 - 0x000007fefee6f000 	C:\Windows\system32\msvcrt.dll
0x000007fefe8d0000 - 0x000007fefe8ef000 	C:\Windows\SYSTEM32\sechost.dll
0x000007fefd200000 - 0x000007fefd32d000 	C:\Windows\system32\RPCRT4.dll
0x0000000076db0000 - 0x0000000076eaa000 	C:\Windows\system32\USER32.dll
0x000007fefd0c0000 - 0x000007fefd127000 	C:\Windows\system32\GDI32.dll
0x000007fefe450000 - 0x000007fefe45e000 	C:\Windows\system32\LPK.dll
0x000007fefd130000 - 0x000007fefd1f9000 	C:\Windows\system32\USP10.dll
0x000007fefb710000 - 0x000007fefb904000 	C:\Windows\WinSxS\amd64_microsoft.windows.common-controls_6595b64144ccf1df_6.0.7601.17514_none_fa396087175ac9ac\COMCTL32.dll
0x000007fefe8f0000 - 0x000007fefe961000 	C:\Windows\system32\SHLWAPI.dll
0x000007fefcb60000 - 0x000007fefcbb7000 	C:\Windows\system32\apphelp.dll
0x00000000628b0000 - 0x00000000628da000 	C:\Windows\AppPatch\AppPatch64\EMET64.dll
0x000007fefbf60000 - 0x000007fefbf71000 	C:\Windows\system32\WTSAPI32.dll
0x000007fefd350000 - 0x000007fefd37e000 	C:\Windows\system32\IMM32.DLL
0x000007fefd380000 - 0x000007fefd489000 	C:\Windows\system32\MSCTF.dll
0x000007fefcb30000 - 0x000007fefcb55000 	C:\Windows\system32\SspiCli.dll
0x00000000626c0000 - 0x0000000062792000 	C:\Program Files\Java\jre1.8.0_60\bin\msvcr100.dll
0x00000000587c0000 - 0x0000000059049000 	C:\Program Files\Java\jre1.8.0_60\bin\server\jvm.dll
0x000007fef8270000 - 0x000007fef8279000 	C:\Windows\system32\WSOCK32.dll
0x000007fefed80000 - 0x000007fefedcd000 	C:\Windows\system32\WS2_32.dll
0x000007fefee70000 - 0x000007fefee78000 	C:\Windows\system32\NSI.dll
0x000007fefa7d0000 - 0x000007fefa80b000 	C:\Windows\system32\WINMM.dll
0x000007fefbdd0000 - 0x000007fefbddc000 	C:\Windows\system32\VERSION.dll
0x0000000077080000 - 0x0000000077087000 	C:\Windows\system32\PSAPI.DLL
0x0000000072060000 - 0x000000007206f000 	C:\Program Files\Java\jre1.8.0_60\bin\verify.dll
0x000000006f190000 - 0x000000006f1b9000 	C:\Program Files\Java\jre1.8.0_60\bin\java.dll
0x000000006f030000 - 0x000000006f046000 	C:\Program Files\Java\jre1.8.0_60\bin\zip.dll
0x000007fefd6c0000 - 0x000007fefe448000 	C:\Windows\system32\SHELL32.dll
0x000007fefeb70000 - 0x000007fefed73000 	C:\Windows\system32\ole32.dll
0x000007fefcc90000 - 0x000007fefcc9f000 	C:\Windows\system32\profapi.dll
0x00000000640f0000 - 0x00000000640fd000 	C:\Program Files\Java\jre1.8.0_60\bin\management.dll
0x000000006ecd0000 - 0x000000006ecea000 	C:\Program Files\Java\jre1.8.0_60\bin\net.dll
0x000007fefc500000 - 0x000007fefc555000 	C:\Windows\system32\mswsock.dll
0x000007fefc4f0000 - 0x000007fefc4f7000 	C:\Windows\System32\wship6.dll
0x000000006ecb0000 - 0x000000006ecc1000 	C:\Program Files\Java\jre1.8.0_60\bin\nio.dll
0x000007fefa890000 - 0x000007fefa8a5000 	C:\Windows\system32\NLAapi.dll
0x000007feefc10000 - 0x000007feefc25000 	C:\Windows\system32\napinsp.dll
0x000007feefbf0000 - 0x000007feefc09000 	C:\Windows\system32\pnrpnsp.dll
0x000007fefc380000 - 0x000007fefc3db000 	C:\Windows\system32\DNSAPI.dll
0x000007feefb40000 - 0x000007feefb4b000 	C:\Windows\System32\winrnr.dll
0x000000006e5c0000 - 0x000000006e5e6000 	C:\Program Files\Bonjour\mdnsNSP.dll
0x000007fef94e0000 - 0x000007fef9507000 	C:\Windows\system32\Iphlpapi.DLL
0x000007fef94d0000 - 0x000007fef94db000 	C:\Windows\system32\WINNSI.DLL
0x000007fefbea0000 - 0x000007fefbea7000 	C:\Windows\System32\wshtcpip.dll
0x000007feefaf0000 - 0x000007feefaf8000 	C:\Windows\system32\rasadhlp.dll
0x000007fef9360000 - 0x000007fef93b3000 	C:\Windows\System32\fwpuclnt.dll
0x000000006eb80000 - 0x000000006eba4000 	C:\Program Files\Java\jre1.8.0_60\bin\sunec.dll
0x000007fefc560000 - 0x000007fefc577000 	C:\Windows\system32\CRYPTSP.dll
0x000007fefc260000 - 0x000007fefc2a7000 	C:\Windows\system32\rsaenh.dll
0x000007fefbfd0000 - 0x000007fefbfee000 	C:\Windows\system32\USERENV.dll
0x000007fefcbc0000 - 0x000007fefcbcf000 	C:\Windows\system32\CRYPTBASE.dll
0x000007fef92e0000 - 0x000007fef92f1000 	C:\Windows\system32\dhcpcsvc6.DLL
0x000007fef92c0000 - 0x000007fef92d8000 	C:\Windows\system32\dhcpcsvc.DLL
0x0000000057fa0000 - 0x0000000058138000 	C:\Program Files\Java\jre1.8.0_60\bin\awt.dll
0x000007fefee80000 - 0x000007fefef57000 	C:\Windows\system32\OLEAUT32.dll
0x000007fefb410000 - 0x000007fefb466000 	C:\Windows\system32\uxtheme.dll
0x000007fee2ce0000 - 0x000007fee2d19000 	C:\Program Files\Listary\ListaryHook64.dll
0x000007fef9e00000 - 0x000007fef9e54000 	C:\Windows\system32\OLEACC.dll
0x000007fefb210000 - 0x000007fefb228000 	C:\Windows\system32\dwmapi.dll
0x0000000063ab0000 - 0x0000000063af7000 	C:\Program Files\Java\jre1.8.0_60\bin\fontmanager.dll
0x000007fedfe80000 - 0x000007fee007f000 	C:\Windows\system32\d3d9.dll
0x000007fefab70000 - 0x000007fefab77000 	C:\Windows\system32\d3d8thk.dll
0x000007feda7e0000 - 0x000007fedb84c000 	C:\Windows\system32\nvd3dumx.dll
0x000007fefb630000 - 0x000007fefb65c000 	C:\Windows\system32\powrprof.dll
0x000007fefe460000 - 0x000007fefe637000 	C:\Windows\system32\SETUPAPI.dll
0x000007fefcef0000 - 0x000007fefcf26000 	C:\Windows\system32\CFGMGR32.dll
0x000007fefced0000 - 0x000007fefceea000 	C:\Windows\system32\DEVOBJ.dll
0x0000000063a60000 - 0x0000000063aa2000 	C:\Program Files\Java\jre1.8.0_60\bin\t2k.dll
0x0000000180000000 - 0x0000000180051000 	C:\Users\Jordan\.gradle\caches\minecraft\net\minecraft\minecraft_natives\1.7.10\lwjgl64.dll
0x000007feeb030000 - 0x000007feeb14d000 	C:\Windows\system32\OPENGL32.dll
0x000007feee100000 - 0x000007feee12d000 	C:\Windows\system32\GLU32.dll
0x000007feec9a0000 - 0x000007feeca91000 	C:\Windows\system32\DDRAW.dll
0x000007fefb930000 - 0x000007fefb938000 	C:\Windows\system32\DCIMAN32.dll
0x0000000068b70000 - 0x000000006aa49000 	C:\Windows\system32\nvoglv64.DLL
0x000007fefcd40000 - 0x000007fefcd7a000 	C:\Windows\system32\WINTRUST.dll
0x000007fefcf50000 - 0x000007fefd0bc000 	C:\Windows\system32\CRYPT32.dll
0x000007fefcd30000 - 0x000007fefcd3f000 	C:\Windows\system32\MSASN1.dll
0x000007fefaa30000 - 0x000007fefaa5d000 	C:\Windows\system32\ntmarta.dll
0x000007fefefe0000 - 0x000007feff032000 	C:\Windows\system32\WLDAP32.dll
0x000007fefc0a0000 - 0x000007fefc0dd000 	C:\Windows\system32\WINSTA.dll
0x000007fef9f90000 - 0x000007fefa02c000 	C:\Windows\system32\mscms.dll
0x000007feed7f0000 - 0x000007feed832000 	C:\Windows\system32\icm32.dll
0x0000000070a40000 - 0x0000000070adc000 	C:\Users\Jordan\.gradle\caches\minecraft\net\minecraft\minecraft_natives\1.7.10\avutil-ttv-51.dll
0x0000000065980000 - 0x00000000659d6000 	C:\Users\Jordan\.gradle\caches\minecraft\net\minecraft\minecraft_natives\1.7.10\swresample-ttv-0.dll
0x000000001e950000 - 0x000000001ea20000 	C:\Users\Jordan\.gradle\caches\minecraft\net\minecraft\minecraft_natives\1.7.10\libmp3lame-ttv.dll
0x000007fed1cf0000 - 0x000007fed3094000 	C:\Users\Jordan\.gradle\caches\minecraft\net\minecraft\minecraft_natives\1.7.10\libmfxsw64.dll
0x000007fedea20000 - 0x000007fedeb4b000 	C:\Users\Jordan\.gradle\caches\minecraft\net\minecraft\minecraft_natives\1.7.10\twitchsdk.dll
0x000007fefd490000 - 0x000007fefd6bd000 	C:\Windows\system32\WININET.dll
0x000007fefcea0000 - 0x000007fefcea4000 	C:\Windows\system32\api-ms-win-downlevel-user32-l1-1-0.dll
0x000007fefcec0000 - 0x000007fefcec5000 	C:\Windows\system32\api-ms-win-downlevel-advapi32-l1-1-0.dll
0x000007fefceb0000 - 0x000007fefceb4000 	C:\Windows\system32\api-ms-win-downlevel-shlwapi-l1-1-0.dll
0x000007fefcf40000 - 0x000007fefcf44000 	C:\Windows\system32\api-ms-win-downlevel-version-l1-1-0.dll
0x000007fefce90000 - 0x000007fefce93000 	C:\Windows\system32\api-ms-win-downlevel-normaliz-l1-1-0.dll
0x0000000077070000 - 0x0000000077073000 	C:\Windows\system32\normaliz.DLL
0x000007fefe640000 - 0x000007fefe8cc000 	C:\Windows\system32\iertutil.dll
0x000000001ee70000 - 0x000000001eecf000 	C:\Program Files (x86)\DisplayFusion\Hooks\AppHookWIN6064_C39265AF-E6FE-467D-8C1B-29239581001B.dll
0x00000000131e0000 - 0x0000000013244000 	C:\Users\Jordan\.gradle\caches\minecraft\net\minecraft\minecraft_natives\1.7.10\OpenAL64.dll
0x000007fefe970000 - 0x000007fefea09000 	C:\Windows\system32\CLBCatQ.DLL
0x000007fefb5e0000 - 0x000007fefb62b000 	C:\Windows\System32\MMDevApi.dll
0x000007fefb4b0000 - 0x000007fefb5dc000 	C:\Windows\System32\PROPSYS.dll
0x000007feed550000 - 0x000007feed5d8000 	C:\Windows\system32\dsound.dll
0x000007fefa4f0000 - 0x000007fefa53f000 	C:\Windows\system32\AUDIOSES.DLL

VM Arguments:
jvm_args: -Dfile.encoding=Cp1252 
java_command: GradleStart --username=Draknyte1@hotmail.com --password=drak@1995
java_class_path (initial): C:\eclipse\workspace\MiscUtil\bin;C:\eclipse\Forge\bin;C:\Users\Jordan\.gradle\caches\minecraft\net\minecraftforge\forge\1.7.10-10.13.4.1448-1.7.10\forgeSrc-1.7.10-10.13.4.1448-1.7.10.jar;C:\Users\Jordan\.gradle\caches\modules-2\files-2.1\net.minecraft\launchwrapper\1.11\9c0592c6e1e9ea296a70948081bd4cc84dda1289\launchwrapper-1.11.jar;C:\Users\Jordan\.gradle\caches\modules-2\files-2.1\com.google.code.findbugs\jsr305\1.3.9\40719ea6961c0cb6afaeb6a921eaa1f6afd4cfdf\jsr305-1.3.9.jar;C:\Users\Jordan\.gradle\caches\modules-2\files-2.1\org.ow2.asm\asm-debug-all\5.0.3\f9e364ae2a66ce2a543012a4668856e84e5dab74\asm-debug-all-5.0.3.jar;C:\Users\Jordan\.gradle\caches\modules-2\files-2.1\com.typesafe.akka\akka-actor_2.11\2.3.3\ed62e9fc709ca0f2ff1a3220daa8b70a2870078e\akka-actor_2.11-2.3.3.jar;C:\Users\Jordan\.gradle\caches\modules-2\files-2.1\com.typesafe\config\1.2.1\f771f71fdae3df231bcd54d5ca2d57f0bf93f467\config-1.2.1.jar;C:\Users\Jordan\.gradle\caches\modules-2\files-2.1\org.scala-lang\scala-actors-migration_2.11\1.1.0\dfa8bc42b181d5b9f1a5dd147f8ae308b893eb6f\scala-actors-migration_2.11-1.1.0.jar;C:\Users\Jordan\.gradle\caches\modules-2\files-2.1\org.scala-lang\scala-compiler\2.11.1\56ea2e6c025e0821f28d73ca271218b8dd04926a\scala-compiler-2.11.1.jar;C:\Users\Jordan\.gradle\caches\modules-2\files-2.1\org.scala-lang.plugins\scala-continuations-library_2.11\1.0.2\e517c53a7e9acd6b1668c5a35eccbaa3bab9aac\scala-continuations-library_2.11-1.0.2.jar;C:\Users\Jordan\.gradle\caches\modules-2\files-2.1\org.scala-lang.plugins\scala-continuations-plugin_2.11.1\1.0.2\f361a3283452c57fa30c1ee69448995de23c60f7\scala-continuations-plugin_2.11.1-1.0.2.jar;C:\Users\Jordan\.gradle\caches\modules-2\files-2.1\org.scala-lang\scala-library\2.11.1\e11da23da3eabab9f4777b9220e60d44c1aab6a\scala-library-2.11.1.jar;C:\Users\Jordan\.gradle\caches\modules-2\files-2.1\org.scala-lang\scala-parser-combinators_2.11\1.0.1\f05d7345bf5a58924f2837c6c1f4d73a938e1ff0\scala-parser-combinator
Launcher Type: SUN_STANDARD

Environment Variables:
PATH=C:/Program Files/Java/jre1.8.0_60/bin/server;C:/Program Files/Java/jre1.8.0_60/bin;C:/Program Files/Java/jre1.8.0_60/lib/amd64;C:\ProgramData\Oracle\Java\javapath;C:\Program Files (x86)\NVIDIA Corporation\PhysX\Common;C:\Program Files (x86)\Intel\iCLS Client\;C:\Program Files\Intel\iCLS Client\;C:\Windows\system32;C:\Windows;C:\Windows\System32\Wbem;C:\Windows\System32\WindowsPowerShell\v1.0\;C:\Program Files\Intel\Intel(R) Management Engine Components\DAL;C:\Program Files\Intel\Intel(R) Management Engine Components\IPT;C:\Program Files (x86)\Intel\Intel(R) Management Engine Components\DAL;C:\Program Files (x86)\Intel\Intel(R) Management Engine Components\IPT;C:\Program Files\FileBot\;C:\Program Files (x86)\Skype\Phone\;C:\eclipse;
USERNAME=Jordan
OS=Windows_NT
PROCESSOR_IDENTIFIER=Intel64 Family 6 Model 60 Stepping 3, GenuineIntel



---------------  S Y S T E M  ---------------

OS: Windows 7 , 64 bit Build 7601 (6.1.7601.18409)

CPU:total 8 (4 cores per cpu, 2 threads per core) family 6 model 60 stepping 3, cmov, cx8, fxsr, mmx, sse, sse2, sse3, ssse3, sse4.1, sse4.2, popcnt, avx, avx2, aes, clmul, erms, lzcnt, ht, tsc, tscinvbit, bmi1, bmi2

Memory: 4k page, physical 16714368k(5792124k free), swap 25101112k(5800k free)

vm_info: Java HotSpot(TM) 64-Bit Server VM (25.60-b23) for windows-amd64 JRE (1.8.0_60-b27), built on Aug  4 2015 11:06:27 by "java_re" with MS VC++ 10.0 (VS2010)

time: Wed Sep 02 20:32:29 2015
elapsed time: 77 seconds (0d 0h 1m 17s)

