:compileApiJava UP-TO-DATE
:processApiResources UP-TO-DATE
:apiClasses UP-TO-DATE
:sourceMainJava UP-TO-DATE
:compileJava UP-TO-DATE
:processResources UP-TO-DATE
:classes UP-TO-DATE
:devJar UP-TO-DATE
:jar
:compileTestJava UP-TO-DATE
:processTestResources UP-TO-DATE
:testClasses UP-TO-DATE
:test UP-TO-DATE
:extractMcpData UP-TO-DATE
:getVersionJson
:extractUserDev UP-TO-DATE
:genSrgs SKIPPED
:reobf
:sourceJar UP-TO-DATE
:assemble
:check UP-TO-DATE
:build
:gitChangelogTask

BUILD SUCCESSFUL

Total time: 17.083 secs
